Determining if the pthread_create exist failed with the following output:
Change Dir: /home/nvidia/catkin_ws/src/auto_rescue/build/CMakeFiles/CMakeTmp

Run Build Command:"/usr/bin/make" "cmTC_5643b/fast"
/usr/bin/make -f CMakeFiles/cmTC_5643b.dir/build.make CMakeFiles/cmTC_5643b.dir/build
make[1]: Entering directory '/home/nvidia/catkin_ws/src/auto_rescue/build/CMakeFiles/CMakeTmp'
Building C object CMakeFiles/cmTC_5643b.dir/CheckSymbolExists.c.o
/usr/bin/cc     -o CMakeFiles/cmTC_5643b.dir/CheckSymbolExists.c.o   -c /home/nvidia/catkin_ws/src/auto_rescue/build/CMakeFiles/CMakeTmp/CheckSymbolExists.c
Linking C executable cmTC_5643b
/usr/bin/cmake -E cmake_link_script CMakeFiles/cmTC_5643b.dir/link.txt --verbose=1
/usr/bin/cc       CMakeFiles/cmTC_5643b.dir/CheckSymbolExists.c.o  -o cmTC_5643b -rdynamic 
CMakeFiles/cmTC_5643b.dir/CheckSymbolExists.c.o: In function `main':
CheckSymbolExists.c:(.text+0x14): undefined reference to `pthread_create'
CheckSymbolExists.c:(.text+0x18): undefined reference to `pthread_create'
collect2: error: ld returned 1 exit status
CMakeFiles/cmTC_5643b.dir/build.make:97: recipe for target 'cmTC_5643b' failed
make[1]: *** [cmTC_5643b] Error 1
make[1]: Leaving directory '/home/nvidia/catkin_ws/src/auto_rescue/build/CMakeFiles/CMakeTmp'
Makefile:126: recipe for target 'cmTC_5643b/fast' failed
make: *** [cmTC_5643b/fast] Error 2

File /home/nvidia/catkin_ws/src/auto_rescue/build/CMakeFiles/CMakeTmp/CheckSymbolExists.c:
/* */
#include <pthread.h>

int main(int argc, char** argv)
{
  (void)argv;
#ifndef pthread_create
  return ((int*)(&pthread_create))[argc];
#else
  (void)argc;
  return 0;
#endif
}

Determining if the function pthread_create exists in the pthreads failed with the following output:
Change Dir: /home/nvidia/catkin_ws/src/auto_rescue/build/CMakeFiles/CMakeTmp

Run Build Command:"/usr/bin/make" "cmTC_48a0c/fast"
/usr/bin/make -f CMakeFiles/cmTC_48a0c.dir/build.make CMakeFiles/cmTC_48a0c.dir/build
make[1]: Entering directory '/home/nvidia/catkin_ws/src/auto_rescue/build/CMakeFiles/CMakeTmp'
Building C object CMakeFiles/cmTC_48a0c.dir/CheckFunctionExists.c.o
/usr/bin/cc    -DCHECK_FUNCTION_EXISTS=pthread_create   -o CMakeFiles/cmTC_48a0c.dir/CheckFunctionExists.c.o   -c /usr/share/cmake-3.5/Modules/CheckFunctionExists.c
Linking C executable cmTC_48a0c
/usr/bin/cmake -E cmake_link_script CMakeFiles/cmTC_48a0c.dir/link.txt --verbose=1
/usr/bin/cc   -DCHECK_FUNCTION_EXISTS=pthread_create    CMakeFiles/cmTC_48a0c.dir/CheckFunctionExists.c.o  -o cmTC_48a0c -rdynamic -lpthreads 
/usr/bin/ld: cannot find -lpthreads
collect2: error: ld returned 1 exit status
CMakeFiles/cmTC_48a0c.dir/build.make:97: recipe for target 'cmTC_48a0c' failed
make[1]: *** [cmTC_48a0c] Error 1
make[1]: Leaving directory '/home/nvidia/catkin_ws/src/auto_rescue/build/CMakeFiles/CMakeTmp'
Makefile:126: recipe for target 'cmTC_48a0c/fast' failed
make: *** [cmTC_48a0c/fast] Error 2


